[2025-12-06 20:55:03] MODEL QUERY: create an skull, a full skull using only dots -> 376 chars
[2025-12-06 20:56:32] MODEL QUERY: create a famous ascii art -> 16 chars
[2025-12-09 01:00:26] Boot completed
[2025-12-21 20:08:37] Boot completed
[2025-12-21 20:10:20] Boot completed
[2025-12-21 20:11:18] Boot completed
[2025-12-21 20:17:08] MODEL QUERY: write a letter -> 517 chars
[2025-12-21 20:23:29] Boot completed
[2025-12-21 20:24:36] MODEL QUERY: write an essay -> 16 chars
[2025-12-21 20:25:57] MODEL QUERY: write an essay -> 16 chars
[2025-12-21 20:26:41] User exit.
[2025-12-21 20:26:46] Shutdown complete.
[2025-12-21 20:38:25] Boot completed
[2025-12-21 20:38:54] MODEL QUERY: write a script -> 586 chars
[2025-12-29 21:00:44] Boot completed
[2025-12-29 21:01:55] POWER shutdown executed
[2026-01-12 09:06:19] Boot completed
[2026-01-12 09:14:05] MODEL QUERY: open -> 208 chars
[2026-01-12 09:14:49] User exit.
[2026-01-12 09:14:55] Shutdown complete.
[2026-01-26 13:44:26] Boot completed
[2026-01-26 13:44:40] MODEL QUERY: open -> 252 chars
[2026-01-26 13:46:32] Boot completed
[2026-01-26 13:47:06] Boot completed
[2026-01-26 13:47:23] MODEL QUERY: help -> 126 chars
[2026-01-26 13:47:52] MODEL QUERY: strip -> 746 chars
[2026-01-26 13:48:41] User exit.
[2026-01-26 13:48:47] Shutdown complete.
[2026-01-26 13:49:44] Boot completed
[2026-01-26 13:50:14] MODEL QUERY: run -> 346 chars
[2026-01-26 13:51:27] MODEL QUERY: launch -> 239 chars
[2026-01-26 13:51:48] MODEL QUERY: speak -> 126 chars
[2026-01-26 13:52:04] ERROR: listening timed out while waiting for phrase to start
[2026-01-26 13:52:39] ERROR: listening timed out while waiting for phrase to start
[2026-01-26 13:53:01] ERROR: listening timed out while waiting for phrase to start
[2026-01-26 13:53:14] User exit.
[2026-01-26 13:53:19] Shutdown complete.
[2026-01-27 10:25:47] Boot completed
[2026-01-27 10:25:49] MODEL QUERY: test -> 42 chars
[2026-01-27 10:25:53] MODEL QUERY: oh -> 40 chars
[2026-01-27 10:25:56] User exit.
[2026-01-27 10:26:02] Shutdown complete.
[2026-01-27 12:08:28] Boot completed
[2026-01-27 12:11:43] User exit.
[2026-01-27 12:11:49] Shutdown complete.
[2026-01-27 12:13:53] Boot completed
[2026-01-27 12:14:09] MODEL QUERY: say One -> 4 chars
[2026-01-27 12:14:14] MODEL QUERY: say -> 10 chars
[2026-01-27 12:18:42] User exit.
[2026-01-27 12:18:48] Shutdown complete.
[2026-01-27 12:27:23] Boot completed
[2026-01-27 12:28:02] MODEL QUERY: ================================ -> 203 chars
[2026-01-27 12:29:13] Boot completed
[2026-01-27 12:36:25] Boot completed
